<?xml version="1.0" encoding="UTF-8"?>
<!-- Generated by org.testng.reporters.JUnitReportReporter -->
<testsuite name="com.course.cases.AddUserTest" tests="1" time="0.000" ignored="0" failures="0" timestamp="03 三月 2022 15:03:17 GMT" skipped="1" hostname="OS-20201009WXNN" errors="0">
  <testcase name="addUser" time="0.000" classname="com.course.cases.AddUserTest">
    <skipped/>
  </testcase> <!-- addUser -->
</testsuite> <!-- com.course.cases.AddUserTest -->
